<?xml version="1.0" encoding="UTF-8"?>
<!-- Generated by org.testng.reporters.JUnitXMLReporter -->
<testsuite hostname="Naumans-PC" ignored="0" name="Surefire test" tests="6" failures="0" timestamp="2023-01-03T01:34:32 GMT" time="7.205" errors="0">
  <testcase name="test001 on test001(com.restful.booker.restfulcurdtest.RestfulCURDTest)" time="2.557" classname="com.restful.booker.restfulcurdtest.RestfulCURDTest"/>
  <testcase name="test002 on test002(com.restful.booker.restfulcurdtest.RestfulCURDTest)" time="3.116" classname="com.restful.booker.restfulcurdtest.RestfulCURDTest"/>
  <testcase name="test003 on test003(com.restful.booker.restfulcurdtest.RestfulCURDTest)" time="3.769" classname="com.restful.booker.restfulcurdtest.RestfulCURDTest"/>
  <testcase name="test004 on test004(com.restful.booker.restfulcurdtest.RestfulCURDTest)" time="4.301" classname="com.restful.booker.restfulcurdtest.RestfulCURDTest"/>
  <testcase name="test005 on test005(com.restful.booker.restfulcurdtest.RestfulCURDTest)" time="5.24" classname="com.restful.booker.restfulcurdtest.RestfulCURDTest"/>
  <testcase name="test006 on test006(com.restful.booker.restfulcurdtest.RestfulCURDTest)" time="6.279" classname="com.restful.booker.restfulcurdtest.RestfulCURDTest"/>
</testsuite> <!-- Surefire test -->
