<?xml version="1.0" encoding="UTF-8"?>
<testng-results skipped="0" failed="0" ignored="0" total="6" passed="6">
  <reporter-output>
  </reporter-output>
  <suite name="Surefire suite" duration-ms="7205" started-at="2023-01-03T01:34:24 GMT" finished-at="2023-01-03T01:34:32 GMT">
    <groups>
    </groups>
    <test name="Surefire test" duration-ms="7205" started-at="2023-01-03T01:34:24 GMT" finished-at="2023-01-03T01:34:32 GMT">
      <class name="com.restful.booker.restfulcurdtest.RestfulCURDTest">
        <test-method status="PASS" signature="test001()" name="test001" duration-ms="2557" started-at="2023-01-03T01:34:25 GMT" finished-at="2023-01-03T01:34:27 GMT">
          <reporter-output>
          </reporter-output>
        </test-method> <!-- test001 -->
        <test-method status="PASS" signature="test002()" name="test002" duration-ms="3116" started-at="2023-01-03T01:34:25 GMT" finished-at="2023-01-03T01:34:28 GMT">
          <reporter-output>
          </reporter-output>
        </test-method> <!-- test002 -->
        <test-method status="PASS" signature="test003()" name="test003" duration-ms="3769" started-at="2023-01-03T01:34:25 GMT" finished-at="2023-01-03T01:34:28 GMT">
          <reporter-output>
          </reporter-output>
        </test-method> <!-- test003 -->
        <test-method status="PASS" signature="test004()" name="test004" duration-ms="4301" started-at="2023-01-03T01:34:25 GMT" finished-at="2023-01-03T01:34:29 GMT">
          <reporter-output>
          </reporter-output>
        </test-method> <!-- test004 -->
        <test-method status="PASS" signature="test005()" name="test005" duration-ms="5240" started-at="2023-01-03T01:34:25 GMT" finished-at="2023-01-03T01:34:30 GMT">
          <reporter-output>
          </reporter-output>
        </test-method> <!-- test005 -->
        <test-method status="PASS" signature="test006()" name="test006" duration-ms="6279" started-at="2023-01-03T01:34:25 GMT" finished-at="2023-01-03T01:34:31 GMT">
          <reporter-output>
          </reporter-output>
        </test-method> <!-- test006 -->
      </class> <!-- com.restful.booker.restfulcurdtest.RestfulCURDTest -->
    </test> <!-- Surefire test -->
  </suite> <!-- Surefire suite -->
</testng-results>
