<?xml version="1.0" encoding="UTF-8"?><testsuite errors="0" failures="0" name="com.restful.booker.restfulcurdtest.RestfulCURDTest" skipped="0" tests="6" time="5.99" timestamp="2023-01-03T01:34:25.505Z[Europe/London]"><testcase classname="com.restful.booker.restfulcurdtest.RestfulCURDTest" name="This method will create a Tokken"/><testcase classname="com.restful.booker.restfulcurdtest.RestfulCURDTest" name="This method will create a booking"/><testcase classname="com.restful.booker.restfulcurdtest.RestfulCURDTest" name="This method will verify new Booking ID creation"/><testcase classname="com.restful.booker.restfulcurdtest.RestfulCURDTest" name="This method will get booking with Id"/><testcase classname="com.restful.booker.restfulcurdtest.RestfulCURDTest" name="This method will updated a booking with ID"/><testcase classname="com.restful.booker.restfulcurdtest.RestfulCURDTest" name="This method will delete a booking with ID"/></testsuite>